<?xml version="1.0" encoding="utf-8"?><testsuites name="pytest tests"><testsuite name="pytest" errors="0" failures="0" skipped="0" tests="15" time="31.503" timestamp="2026-04-30T19:45:42.644594+00:00" hostname="agent-env-abac21f4-d22a-4d84-8889-8b8f21038ace"><testcase classname="backend.tests.backend_test.TestRoot" name="test_root" time="0.147" /><testcase classname="backend.tests.backend_test.TestHardware" name="test_hardware_full" time="0.058" /><testcase classname="backend.tests.backend_test.TestHardware" name="test_hardware_metrics" time="0.256" /><testcase classname="backend.tests.backend_test.TestSystem" name="test_processes" time="0.070" /><testcase classname="backend.tests.backend_test.TestSystem" name="test_services" time="0.048" /><testcase classname="backend.tests.backend_test.TestSystem" name="test_startup" time="0.050" /><testcase classname="backend.tests.backend_test.TestOptimize" name="test_analyze_gaming" time="0.058" /><testcase classname="backend.tests.backend_test.TestOptimize" name="test_apply_creates_restore_and_log" time="0.160" /><testcase classname="backend.tests.backend_test.TestDrivers" name="test_drivers_list" time="0.052" /><testcase classname="backend.tests.backend_test.TestDrivers" name="test_drivers_outdated" time="0.047" /><testcase classname="backend.tests.backend_test.TestDrivers" name="test_drivers_update_simulated" time="0.055" /><testcase classname="backend.tests.backend_test.TestRestore" name="test_create_and_history" time="0.099" /><testcase classname="backend.tests.backend_test.TestAI" name="test_ai_analyze" time="18.761" /><testcase classname="backend.tests.backend_test.TestAI" name="test_ai_chat" time="11.440" /><testcase classname="backend.tests.backend_test.TestDocs" name="test_docs_pdf" time="0.075" /></testsuite></testsuites>