<?xml version="1.0" encoding="utf-8"?><testsuites name="pytest tests"><testsuite name="pytest" errors="0" failures="0" skipped="0" tests="24" time="7.675" timestamp="2026-04-30T19:56:37.954495+00:00" hostname="agent-env-abac21f4-d22a-4d84-8889-8b8f21038ace"><testcase classname="tests.backend_test.TestRoot" name="test_root" time="2.488" /><testcase classname="tests.backend_test.TestHardware" name="test_hardware_full" time="0.327" /><testcase classname="tests.backend_test.TestHardware" name="test_hardware_metrics" time="0.728" /><testcase classname="tests.backend_test.TestSystem" name="test_processes" time="0.101" /><testcase classname="tests.backend_test.TestSystem" name="test_services" time="0.117" /><testcase classname="tests.backend_test.TestSystem" name="test_startup" time="0.096" /><testcase classname="tests.backend_test.TestOptimize" name="test_analyze_gaming" time="0.104" /><testcase classname="tests.backend_test.TestOptimize" name="test_apply_creates_restore_and_log" time="2.136" /><testcase classname="tests.backend_test.TestDrivers" name="test_drivers_list" time="0.074" /><testcase classname="tests.backend_test.TestDrivers" name="test_drivers_outdated" time="0.136" /><testcase classname="tests.backend_test.TestDrivers" name="test_drivers_update_simulated" time="0.089" /><testcase classname="tests.backend_test.TestRestore" name="test_create_and_history" time="0.149" /><testcase classname="tests.backend_test.TestDocs" name="test_docs_pdf" time="0.082" /><testcase classname="tests.backend_test.TestScheduler" name="test_status_initial" time="0.063" /><testcase classname="tests.backend_test.TestScheduler" name="test_toggle_on" time="0.127" /><testcase classname="tests.backend_test.TestScheduler" name="test_create_rule" time="0.059" /><testcase classname="tests.backend_test.TestScheduler" name="test_list_rules_sorted" time="0.167" /><testcase classname="tests.backend_test.TestScheduler" name="test_events_endpoint" time="0.056" /><testcase classname="tests.backend_test.TestScheduler" name="test_delete_rule" time="0.107" /><testcase classname="tests.backend_test.TestScheduler" name="test_toggle_off" time="0.051" /><testcase classname="tests.backend_test.TestMetricsComparison" name="test_snapshot" time="0.250" /><testcase classname="tests.backend_test.TestMetricsComparison" name="test_latest_comparison" time="0.053" /><testcase classname="tests.backend_test.TestPackagingFiles" name="test_packaging_files_exist" time="0.000" /><testcase classname="tests.backend_test.TestPackagingFiles" name="test_optidriver_modules_importable" time="0.008" /></testsuite></testsuites>